<?xml version="1.0" encoding="UTF-8"?>
<testsuite name="com.ohgriaffers.Game.YahtzeeGameTest" tests="1" skipped="0" failures="0" errors="0" timestamp="2025-09-23T06:48:39.474Z" hostname="LAPTOP-3U92GQS8" time="0.066">
  <properties/>
  <testcase name="testRun_singlePlayer_noRerolls_completesAndPrints()" classname="com.ohgriaffers.Game.YahtzeeGameTest" time="0.066"/>
  <system-out><![CDATA[===== 게임스타트 =====
=====번째 게임스타트 =====

=== com.ohgiraffers.Players.Player@24c22fe님의 턴 ===
======= 라운드 진행합니다 =======
홍길동의 주사위: [3, 2, 3, 4, 4]
남은 리롤 횟수 : 2
주사위 다시굴리기 (Y/N) :

선택 가능한 카테고리:
[1] 에이스 / Aces
[2] 투 / Twos
[3] 쓰리 / Threes
[4] 포 / Fours
[5] 파이브 / Fives
[6] 식스 / Sixes
[TOAK] 쓰리카인드 / Three of a Kind
[FOAK] 포카인드 / Four of a Kind
[FH] 풀하우스 / Full House
[SS] 스몰 스트레이트 / Small Straight
[LS] 라지 스트레이트 / Large Straight
[Y] 야치 / Yahtzee
[C] 찬스 / Chance
카테고리를 선택하세요(코드/이름): 에이스(Aces)에 0점을 기록했습니다.
(임시) 최종 결과 출력 로직은 추후 ScoreCard 연결 후 구현

]]></system-out>
  <system-err><![CDATA[]]></system-err>
</testsuite>
