<?xml version="1.0" encoding="UTF-8"?>
<testsuite name="com.ohgriaffers.Game.YahtzeeGameTest" tests="1" skipped="0" failures="0" errors="0" timestamp="2025-09-21T13:22:15.530Z" hostname="DESKTOP-N6RKM9R" time="0.074">
  <properties/>
  <testcase name="testRun_twoPlayers_noRerolls_usesAllInputs()" classname="com.ohgriaffers.Game.YahtzeeGameTest" time="0.074"/>
  <system-out><![CDATA[===== 게임스타트 =====

=== com.ohgiraffers.Players.Player@30b6ffe0님의 턴 ===
======= 라운드 진행합니다 =======
철수의 주사위: [6, 4, 2, 5, 2]
남은 리롤 횟수 : 3
주사위 다시굴리기 (Y/N) :
(임시) 카테고리 선택/기록 로직은 추후 ScoreCard/Scorer 연결 예정


=== com.ohgiraffers.Players.Player@5e21e98f님의 턴 ===
======= 라운드 진행합니다 =======
영희의 주사위: [5, 1, 6, 3, 3]
남은 리롤 횟수 : 3
주사위 다시굴리기 (Y/N) :
(임시) 카테고리 선택/기록 로직은 추후 ScoreCard/Scorer 연결 예정

(임시) 최종 결과 출력 로직은 추후 ScoreCard 연결 후 구현

=== com.ohgiraffers.Players.Player@30b6ffe0님의 턴 ===
======= 라운드 진행합니다 =======
철수의 주사위: [3, 2, 2, 4, 5]
남은 리롤 횟수 : 3
주사위 다시굴리기 (Y/N) :
(임시) 카테고리 선택/기록 로직은 추후 ScoreCard/Scorer 연결 예정


=== com.ohgiraffers.Players.Player@5e21e98f님의 턴 ===
======= 라운드 진행합니다 =======
영희의 주사위: [1, 1, 5, 3, 5]
남은 리롤 횟수 : 3
주사위 다시굴리기 (Y/N) :
(임시) 카테고리 선택/기록 로직은 추후 ScoreCard/Scorer 연결 예정

(임시) 최종 결과 출력 로직은 추후 ScoreCard 연결 후 구현

=== com.ohgiraffers.Players.Player@30b6ffe0님의 턴 ===
======= 라운드 진행합니다 =======
철수의 주사위: [5, 1, 1, 5, 2]
남은 리롤 횟수 : 3
주사위 다시굴리기 (Y/N) :
(임시) 카테고리 선택/기록 로직은 추후 ScoreCard/Scorer 연결 예정


=== com.ohgiraffers.Players.Player@5e21e98f님의 턴 ===
======= 라운드 진행합니다 =======
영희의 주사위: [5, 6, 5, 3, 2]
남은 리롤 횟수 : 3
주사위 다시굴리기 (Y/N) :
(임시) 카테고리 선택/기록 로직은 추후 ScoreCard/Scorer 연결 예정

(임시) 최종 결과 출력 로직은 추후 ScoreCard 연결 후 구현

=== com.ohgiraffers.Players.Player@30b6ffe0님의 턴 ===
======= 라운드 진행합니다 =======
철수의 주사위: [2, 6, 1, 2, 4]
남은 리롤 횟수 : 3
주사위 다시굴리기 (Y/N) :
(임시) 카테고리 선택/기록 로직은 추후 ScoreCard/Scorer 연결 예정


=== com.ohgiraffers.Players.Player@5e21e98f님의 턴 ===
======= 라운드 진행합니다 =======
영희의 주사위: [3, 6, 6, 2, 3]
남은 리롤 횟수 : 3
주사위 다시굴리기 (Y/N) :
(임시) 카테고리 선택/기록 로직은 추후 ScoreCard/Scorer 연결 예정

(임시) 최종 결과 출력 로직은 추후 ScoreCard 연결 후 구현

=== com.ohgiraffers.Players.Player@30b6ffe0님의 턴 ===
======= 라운드 진행합니다 =======
철수의 주사위: [1, 6, 1, 3, 3]
남은 리롤 횟수 : 3
주사위 다시굴리기 (Y/N) :
(임시) 카테고리 선택/기록 로직은 추후 ScoreCard/Scorer 연결 예정


=== com.ohgiraffers.Players.Player@5e21e98f님의 턴 ===
======= 라운드 진행합니다 =======
영희의 주사위: [5, 5, 3, 3, 3]
남은 리롤 횟수 : 3
주사위 다시굴리기 (Y/N) :
(임시) 카테고리 선택/기록 로직은 추후 ScoreCard/Scorer 연결 예정

(임시) 최종 결과 출력 로직은 추후 ScoreCard 연결 후 구현

=== com.ohgiraffers.Players.Player@30b6ffe0님의 턴 ===
======= 라운드 진행합니다 =======
철수의 주사위: [5, 1, 5, 4, 6]
남은 리롤 횟수 : 3
주사위 다시굴리기 (Y/N) :
(임시) 카테고리 선택/기록 로직은 추후 ScoreCard/Scorer 연결 예정


=== com.ohgiraffers.Players.Player@5e21e98f님의 턴 ===
======= 라운드 진행합니다 =======
영희의 주사위: [1, 3, 4, 3, 6]
남은 리롤 횟수 : 3
주사위 다시굴리기 (Y/N) :
(임시) 카테고리 선택/기록 로직은 추후 ScoreCard/Scorer 연결 예정

(임시) 최종 결과 출력 로직은 추후 ScoreCard 연결 후 구현

=== com.ohgiraffers.Players.Player@30b6ffe0님의 턴 ===
======= 라운드 진행합니다 =======
철수의 주사위: [4, 6, 1, 5, 1]
남은 리롤 횟수 : 3
주사위 다시굴리기 (Y/N) :
(임시) 카테고리 선택/기록 로직은 추후 ScoreCard/Scorer 연결 예정


=== com.ohgiraffers.Players.Player@5e21e98f님의 턴 ===
======= 라운드 진행합니다 =======
영희의 주사위: [6, 2, 5, 4, 6]
남은 리롤 횟수 : 3
주사위 다시굴리기 (Y/N) :
(임시) 카테고리 선택/기록 로직은 추후 ScoreCard/Scorer 연결 예정

(임시) 최종 결과 출력 로직은 추후 ScoreCard 연결 후 구현

=== com.ohgiraffers.Players.Player@30b6ffe0님의 턴 ===
======= 라운드 진행합니다 =======
철수의 주사위: [5, 3, 4, 3, 5]
남은 리롤 횟수 : 3
주사위 다시굴리기 (Y/N) :
(임시) 카테고리 선택/기록 로직은 추후 ScoreCard/Scorer 연결 예정


=== com.ohgiraffers.Players.Player@5e21e98f님의 턴 ===
======= 라운드 진행합니다 =======
영희의 주사위: [2, 1, 3, 6, 6]
남은 리롤 횟수 : 3
주사위 다시굴리기 (Y/N) :
(임시) 카테고리 선택/기록 로직은 추후 ScoreCard/Scorer 연결 예정

(임시) 최종 결과 출력 로직은 추후 ScoreCard 연결 후 구현

=== com.ohgiraffers.Players.Player@30b6ffe0님의 턴 ===
======= 라운드 진행합니다 =======
철수의 주사위: [6, 5, 6, 3, 2]
남은 리롤 횟수 : 3
주사위 다시굴리기 (Y/N) :
(임시) 카테고리 선택/기록 로직은 추후 ScoreCard/Scorer 연결 예정


=== com.ohgiraffers.Players.Player@5e21e98f님의 턴 ===
======= 라운드 진행합니다 =======
영희의 주사위: [4, 5, 2, 6, 5]
남은 리롤 횟수 : 3
주사위 다시굴리기 (Y/N) :
(임시) 카테고리 선택/기록 로직은 추후 ScoreCard/Scorer 연결 예정

(임시) 최종 결과 출력 로직은 추후 ScoreCard 연결 후 구현

=== com.ohgiraffers.Players.Player@30b6ffe0님의 턴 ===
======= 라운드 진행합니다 =======
철수의 주사위: [6, 3, 1, 3, 3]
남은 리롤 횟수 : 3
주사위 다시굴리기 (Y/N) :
(임시) 카테고리 선택/기록 로직은 추후 ScoreCard/Scorer 연결 예정


=== com.ohgiraffers.Players.Player@5e21e98f님의 턴 ===
======= 라운드 진행합니다 =======
영희의 주사위: [3, 2, 6, 2, 4]
남은 리롤 횟수 : 3
주사위 다시굴리기 (Y/N) :
(임시) 카테고리 선택/기록 로직은 추후 ScoreCard/Scorer 연결 예정

(임시) 최종 결과 출력 로직은 추후 ScoreCard 연결 후 구현

=== com.ohgiraffers.Players.Player@30b6ffe0님의 턴 ===
======= 라운드 진행합니다 =======
철수의 주사위: [3, 1, 1, 4, 5]
남은 리롤 횟수 : 3
주사위 다시굴리기 (Y/N) :
(임시) 카테고리 선택/기록 로직은 추후 ScoreCard/Scorer 연결 예정


=== com.ohgiraffers.Players.Player@5e21e98f님의 턴 ===
======= 라운드 진행합니다 =======
영희의 주사위: [1, 5, 2, 4, 3]
남은 리롤 횟수 : 3
주사위 다시굴리기 (Y/N) :
(임시) 카테고리 선택/기록 로직은 추후 ScoreCard/Scorer 연결 예정

(임시) 최종 결과 출력 로직은 추후 ScoreCard 연결 후 구현

=== com.ohgiraffers.Players.Player@30b6ffe0님의 턴 ===
======= 라운드 진행합니다 =======
철수의 주사위: [6, 2, 6, 2, 3]
남은 리롤 횟수 : 3
주사위 다시굴리기 (Y/N) :
(임시) 카테고리 선택/기록 로직은 추후 ScoreCard/Scorer 연결 예정


=== com.ohgiraffers.Players.Player@5e21e98f님의 턴 ===
======= 라운드 진행합니다 =======
영희의 주사위: [1, 1, 5, 4, 2]
남은 리롤 횟수 : 3
주사위 다시굴리기 (Y/N) :
(임시) 카테고리 선택/기록 로직은 추후 ScoreCard/Scorer 연결 예정

(임시) 최종 결과 출력 로직은 추후 ScoreCard 연결 후 구현

=== com.ohgiraffers.Players.Player@30b6ffe0님의 턴 ===
======= 라운드 진행합니다 =======
철수의 주사위: [3, 3, 4, 2, 6]
남은 리롤 횟수 : 3
주사위 다시굴리기 (Y/N) :
(임시) 카테고리 선택/기록 로직은 추후 ScoreCard/Scorer 연결 예정


=== com.ohgiraffers.Players.Player@5e21e98f님의 턴 ===
======= 라운드 진행합니다 =======
영희의 주사위: [4, 4, 2, 2, 2]
남은 리롤 횟수 : 3
주사위 다시굴리기 (Y/N) :
(임시) 카테고리 선택/기록 로직은 추후 ScoreCard/Scorer 연결 예정

(임시) 최종 결과 출력 로직은 추후 ScoreCard 연결 후 구현

]]></system-out>
  <system-err><![CDATA[]]></system-err>
</testsuite>
