<?xml version="1.0" encoding="UTF-8"?>
<testsuite name="com.ohgriaffers.Game.RoundTest" tests="1" skipped="0" failures="0" errors="0" timestamp="2025-09-21T09:22:10.005Z" hostname="DESKTOP-N6RKM9R" time="0.033">
  <properties/>
  <testcase name="testTakeTurn()" classname="com.ohgriaffers.Game.RoundTest" time="0.033"/>
  <system-out><![CDATA[======= 라운드 진행합니다 =======
홍길동의 주사위: [4, 1, 2, 2, 1]
남은 리롤 횟수 : 3
주사위 다시굴리기 (Y/N) :
다시 굴릴 주사위 번호(순서) 를 입력하세요. ex) 1 3 5:
홍길동의 주사위: [6, 1, 3, 2, 3]
결과 :[6, 1, 3, 2, 3]

======= 라운드 진행합니다 =======
홍길동의 주사위: [5, 3, 2, 6, 5]
남은 리롤 횟수 : 2
주사위 다시굴리기 (Y/N) :
]]></system-out>
  <system-err><![CDATA[]]></system-err>
</testsuite>
